


ARM Macro Assembler    Page 1 


    1 00000000         
    2 00000000                 AREA             |.text|, CODE, READONLY
    3 00000000         
    4 00000000         ; This register controls the clock gating logic in norma
                       l Run mode
    5 00000000 400FE108 
                       SYSCTL_PERIPH_GPIOF
                               EQU              0x400FE108
    6 00000000         
    7 00000000 40025000 
                       GPIO_PORTF_BASE
                               EQU              0x40025000
    8 00000000 40007000 
                       GPIO_PORTD_BASE
                               EQU              0x40007000
    9 00000000         
   10 00000000 00000400 
                       GPIO_O_DIR
                               EQU              0x00000400  ; GPIO Direction 
   11 00000000         
   12 00000000 00000500 
                       GPIO_O_DR2R
                               EQU              0x00000500  ; GPIO 2-mA Drive S
                                                            elect 
   13 00000000         
   14 00000000 00000510 
                       GPIO_O_RES
                               EQU              0x510       ; GPIO resistance d
                                                            e s้curit้ 
   15 00000000         
   16 00000000 0000051C 
                       GPIO_O_DEN
                               EQU              0x0000051C  ; GPIO Digital Enab
                                                            le 
   17 00000000 000000C0 
                       PORT67  EQU              0xC0
   18 00000000 00000040 
                       PORT6   EQU              0x40
   19 00000000 00000080 
                       PORT7   EQU              0x80
   20 00000000 000FFFFF 
                       DUREE   EQU              0x0FFFFF
   21 00000000         
   22 00000000                 ENTRY
   23 00000000                 EXPORT           __main
   24 00000000         __main
   25 00000000         
   26 00000000         ;^^^^^^^^^^^^^^^^^^^^^^^^^^^^^^CONFIGURATION 
   27 00000000 4E22            ldr              r6, = SYSCTL_PERIPH_GPIOF
   28 00000002 F04F 0028       mov              r0, #0x00000028 ; port F et D 
   29 00000006 6030            str              r0, [r6]
   30 00000008 BF00            NOP
   31 0000000A BF00            NOP
   32 0000000C BF00            NOP
   33 0000000E         
   34 0000000E 4E20            ldr              r6,= GPIO_PORTF_BASE+GPIO_O_DIR
   35 00000010 F04F 0030       mov              r0,#0x30
   36 00000014 6030            str              r0, [r6]
   37 00000016         



ARM Macro Assembler    Page 2 


   38 00000016 4E1F            ldr              r6, = GPIO_PORTD_BASE+GPIO_O_RE
S
   39 00000018 F04F 00C0       ldr              r0, = PORT67
   40 0000001C 6030            str              r0, [r6]
   41 0000001E         
   42 0000001E 4E1E            ldr              r6, = GPIO_PORTF_BASE+GPIO_O_DE
N
   43 00000020 F04F 0030       mov              r0, #0x30
   44 00000024 6030            str              r0, [r6]
   45 00000026         
   46 00000026 4E1D            ldr              r6, = GPIO_PORTD_BASE+GPIO_O_DE
N
   47 00000028 F04F 00C0       ldr              r0, = PORT67
   48 0000002C 6030            str              r0, [r6]
   49 0000002E         
   50 0000002E F04F 0B40       mov              r11,PORT6
   51 00000032 F04F 0C80       mov              r12,PORT7
   52 00000036 F8DF A068       ldr              r10, = GPIO_PORTD_BASE + (PORT6
7<<2)
   53 0000003A         
   54 0000003A 4E1A            ldr              r6, = GPIO_PORTF_BASE+GPIO_O_DR
2R
   55 0000003C F04F 0030       mov              r0, #0x30
   56 00000040 6030            str              r0, [r6]
   57 00000042         
   58 00000042         
   59 00000042 F04F 0710       mov              r7,#0x010
   60 00000046 F04F 0820       mov              r8,#0x020
   61 0000004A F04F 0530       mov              r5,#0x030
   62 0000004E F04F 0300       mov              r3,#0x000
   63 00000052 4E15            ldr              r6, = GPIO_PORTF_BASE + (0x30<<
2)
   64 00000054         
   65 00000054         ;;FIN configuration 
   66 00000054         
   67 00000054         
   68 00000054         ;จจจจจจจจจจจจจจจจจจจจจจจจจจจPARTIE PROGRAMME
   69 00000054 6033            str              r3,[r6]
   70 00000056 F04F 0200       mov              r2,#0
   71 0000005A         
   72 0000005A F8DA 9000 
                       boucle  ldr              r9,[r10]
   73 0000005E 2A00            cmp              r2,#0
   74 00000060 D107            bne              saute
   75 00000062 45D9            cmp              r9,r11
   76 00000064 D105            bne              saute
   77 00000066 6037            str              r7,[r6]
   78 00000068 F04F 0201       mov              r2,#1
   79 0000006C 4C0F            ldr              r4,=DUREE
   80 0000006E 3C01    wait    subs             r4,#1
   81 00000070 D1FD            bne              wait
   82 00000072         
   83 00000072 F8DA 9000 
                       saute   ldr              r9,[r10]
   84 00000076 2A01            cmp              r2,#1
   85 00000078 D1EF            bne              boucle
   86 0000007A 45D9            cmp              r9,r11
   87 0000007C D1ED            bne              boucle
   88 0000007E 6033            str              r3,[r6]



ARM Macro Assembler    Page 3 


   89 00000080 F04F 0200       mov              r2,#0
   90 00000084 4C09            ldr              r4,=DUREE
   91 00000086 3C01    wait2   subs             r4,#1
   92 00000088 D1FD            bne              wait2
   93 0000008A E7E6            b                boucle
   94 0000008C         
   95 0000008C                 END
              400FE108 
              40025400 
              40007510 
              4002551C 
              4000751C 
              40007300 
              40025500 
              400250C0 
              000FFFFF 
Command Line: --debug --xref --cpu=Cortex-M3 --apcs=interwork --depend=prog5.d 
-oprog5.o -I"D:\Program files Zenbook (windows)\ARM\RV31\INC" -I"D:\Program fil
es Zenbook (windows)\ARM\CMSIS\Include" -I"D:\Program files Zenbook (windows)\A
RM\Inc\Luminary" --predefine="__MICROLIB SETA 1" --list=prog5.lst prog5.s



ARM Macro Assembler    Page 1 Alphabetic symbol ordering
Relocatable symbols

.text 00000000

Symbol: .text
   Definitions
      At line 2 in file prog5.s
   Uses
      None
Comment: .text unused
__main 00000000

Symbol: __main
   Definitions
      At line 24 in file prog5.s
   Uses
      At line 23 in file prog5.s
Comment: __main used once
boucle 0000005A

Symbol: boucle
   Definitions
      At line 72 in file prog5.s
   Uses
      At line 85 in file prog5.s
      At line 87 in file prog5.s
      At line 93 in file prog5.s

saute 00000072

Symbol: saute
   Definitions
      At line 83 in file prog5.s
   Uses
      At line 74 in file prog5.s
      At line 76 in file prog5.s

wait 0000006E

Symbol: wait
   Definitions
      At line 80 in file prog5.s
   Uses
      At line 81 in file prog5.s
Comment: wait used once
wait2 00000086

Symbol: wait2
   Definitions
      At line 91 in file prog5.s
   Uses
      At line 92 in file prog5.s
Comment: wait2 used once
6 symbols



ARM Macro Assembler    Page 1 Alphabetic symbol ordering
Absolute symbols

DUREE 000FFFFF

Symbol: DUREE
   Definitions
      At line 20 in file prog5.s
   Uses
      At line 79 in file prog5.s
      At line 90 in file prog5.s

GPIO_O_DEN 0000051C

Symbol: GPIO_O_DEN
   Definitions
      At line 16 in file prog5.s
   Uses
      At line 42 in file prog5.s
      At line 46 in file prog5.s

GPIO_O_DIR 00000400

Symbol: GPIO_O_DIR
   Definitions
      At line 10 in file prog5.s
   Uses
      At line 34 in file prog5.s
Comment: GPIO_O_DIR used once
GPIO_O_DR2R 00000500

Symbol: GPIO_O_DR2R
   Definitions
      At line 12 in file prog5.s
   Uses
      At line 54 in file prog5.s
Comment: GPIO_O_DR2R used once
GPIO_O_RES 00000510

Symbol: GPIO_O_RES
   Definitions
      At line 14 in file prog5.s
   Uses
      At line 38 in file prog5.s
Comment: GPIO_O_RES used once
GPIO_PORTD_BASE 40007000

Symbol: GPIO_PORTD_BASE
   Definitions
      At line 8 in file prog5.s
   Uses
      At line 38 in file prog5.s
      At line 46 in file prog5.s
      At line 52 in file prog5.s

GPIO_PORTF_BASE 40025000

Symbol: GPIO_PORTF_BASE
   Definitions
      At line 7 in file prog5.s
   Uses
      At line 34 in file prog5.s



ARM Macro Assembler    Page 2 Alphabetic symbol ordering
Absolute symbols

      At line 42 in file prog5.s
      At line 54 in file prog5.s
      At line 63 in file prog5.s

PORT6 00000040

Symbol: PORT6
   Definitions
      At line 18 in file prog5.s
   Uses
      At line 50 in file prog5.s
Comment: PORT6 used once
PORT67 000000C0

Symbol: PORT67
   Definitions
      At line 17 in file prog5.s
   Uses
      At line 39 in file prog5.s
      At line 47 in file prog5.s
      At line 52 in file prog5.s

PORT7 00000080

Symbol: PORT7
   Definitions
      At line 19 in file prog5.s
   Uses
      At line 51 in file prog5.s
Comment: PORT7 used once
SYSCTL_PERIPH_GPIOF 400FE108

Symbol: SYSCTL_PERIPH_GPIOF
   Definitions
      At line 5 in file prog5.s
   Uses
      At line 27 in file prog5.s
Comment: SYSCTL_PERIPH_GPIOF used once
11 symbols
350 symbols in table
