


ARM Macro Assembler    Page 1 


    1 00000000                 AREA             |.text|, CODE, READONLY
    2 00000000         
    3 00000000                 EXPORT           __main
    4 00000000         __main
    5 00000000 4E10            ldr              r6, = 0x400FE108 ; chargement d
                                                            e l'horloge dans le
                                                             registre
    6 00000002 F04F 0020       mov              r0, #0x00000020 ; on active le 
                                                            port F qui corespon
                                                            d au port des leds
    7 00000006 6030            str              r0, [r6]
    8 00000008 BF00            NOP
    9 0000000A BF00            NOP
   10 0000000C BF00            NOP                          ;pause de 3 cycles 
                                                            soit le temps d'act
                                                            ivation du port
   11 0000000E         
   12 0000000E 4E0E            ldr              r6,= 0x40025000+0x00000400 ; on
                                                             ajoute a l'adresse
                                                             de base l'adresse 
                                                            du changement de di
                                                            rection, on va ains
                                                            i choisir de modifi
                                                            er un ou plusieurs 
                                                            ports en entrées ou
                                                             sorties
   13 00000010 F04F 0030       ldr              r0, =  0x30 ; on choisi ici de 
                                                            mettre le port 4 et
                                                             5 à 1 soit la prem
                                                            ière led
   14 00000014 6030            str              r0, [r6]
   15 00000016         
   16 00000016 4E0D            ldr              r6, =  0x40025000+0x0000051C ;
   17 00000018 F04F 0030       ldr              r0, = 0x30  ; on met à 1 les pa
                                                            ttes 5 et 4 soit le
                                                            s 2 leds  
   18 0000001C 6030            str              r0, [r6]
   19 0000001E         
   20 0000001E 4E0C            ldr              r6, = 0x40025000+0x00000500 ; C
                                                            hoix de l'intensité
                                                             de sortie (2mA)
   21 00000020 F04F 0030       ldr              r0, = 0x30
   22 00000024 6030            str              r0, [r6]
   23 00000026         
   24 00000026 F04F 0230       mov              r2, #0x030  ;; Allume dans port
                                                            F broche 4 et 5 : 0
                                                            0010000
   25 0000002A F04F 0300       mov              r3, #0x000  ; extinction des le
                                                            ds    
   26 0000002E 4E09            ldr              r6, = 0x40025000 + (0x30<<2) ;p
                                                            our allumer les led
                                                            s, on décale de 2 
   27 00000030         
   28 00000030         ;;;FIN configuration des leds
   29 00000030         loop
   30 00000030 6032            str              r2, [r6]    ;; Eteint LED car r
                                                            2 = 0x00      
   31 00000032 4909            ldr              r1, = 0x002FFFFF ;; pour la dur
                                                            ee de la boucle d'a



ARM Macro Assembler    Page 2 


                                                            ttente1 (wait1)
   32 00000034         
   33 00000034 3901    wait1   subs             r1, #1
   34 00000036 D1FD            bne              wait1
   35 00000038         
   36 00000038 6033            str              r3, [r6]    ;; Allume portF bro
                                                            che 4 et 5 : 000100
                                                            00 (contenu de r3)
   37 0000003A 4907            ldr              r1, = 0x002FFFFF ;; pour la dur
                                                            ee de la boucle d'a
                                                            ttente2 (wait2)
   38 0000003C         
   39 0000003C 3901    wait2   subs             r1, #1
   40 0000003E D1FD            bne              wait2
   41 00000040         
   42 00000040 E7F6            b                loop
   43 00000042         
   44 00000042 BF00            nop
   45 00000044                 END
              400FE108 
              40025400 
              4002551C 
              40025500 
              400250C0 
              002FFFFF 
Command Line: --debug --xref --cpu=Cortex-M3 --apcs=interwork --depend=programm
e.d -oprogramme.o -I"D:\Program files Zenbook (windows)\ARM\RV31\INC" -I"D:\Pro
gram files Zenbook (windows)\ARM\CMSIS\Include" -I"D:\Program files Zenbook (wi
ndows)\ARM\Inc\Luminary" --predefine="__MICROLIB SETA 1" --list=programme.lst p
rogramme.s



ARM Macro Assembler    Page 1 Alphabetic symbol ordering
Relocatable symbols

.text 00000000

Symbol: .text
   Definitions
      At line 1 in file programme.s
   Uses
      None
Comment: .text unused
__main 00000000

Symbol: __main
   Definitions
      At line 4 in file programme.s
   Uses
      At line 3 in file programme.s
Comment: __main used once
loop 00000030

Symbol: loop
   Definitions
      At line 29 in file programme.s
   Uses
      At line 42 in file programme.s
Comment: loop used once
wait1 00000034

Symbol: wait1
   Definitions
      At line 33 in file programme.s
   Uses
      At line 34 in file programme.s
Comment: wait1 used once
wait2 0000003C

Symbol: wait2
   Definitions
      At line 39 in file programme.s
   Uses
      At line 40 in file programme.s
Comment: wait2 used once
5 symbols
338 symbols in table
