Flow report for design2
Wed Sep 26 18:47:16 2012
Quartus II 32-bit Version 11.1 Build 259 01/25/2012 Service Pack 2 SJ Full Version


---------------------
; Table of Contents ;
---------------------
  1. Legal Notice
  2. Flow Summary
  3. Flow Settings
  4. Flow Non-Default Global Settings
  5. Flow Elapsed Time
  6. Flow OS Summary
  7. Flow Log



----------------
; Legal Notice ;
----------------
Copyright (C) 1991-2011 Altera Corporation
Your use of Altera Corporation's design tools, logic functions 
and other software and tools, and its AMPP partner logic 
functions, and any output files from any of the foregoing 
(including device programming or simulation files), and any 
associated documentation or information are expressly subject 
to the terms and conditions of the Altera Program License 
Subscription Agreement, Altera MegaCore Function License 
Agreement, or other applicable license agreement, including, 
without limitation, that your use is for the sole purpose of 
programming logic devices manufactured by Altera and sold by 
Altera or its authorized distributors.  Please refer to the 
applicable agreement for further details.



+-------------------------------------------------------------------------------------+
; Flow Summary                                                                        ;
+------------------------------------+------------------------------------------------+
; Flow Status                        ; Successful - Wed Sep 26 18:47:16 2012          ;
; Quartus II 32-bit Version          ; 11.1 Build 259 01/25/2012 SP 2 SJ Full Version ;
; Revision Name                      ; design2                                        ;
; Top-level Entity Name              ; design2                                        ;
; Family                             ; Cyclone II                                     ;
; Device                             ; EP2C35F672C6                                   ;
; Timing Models                      ; Final                                          ;
; Total logic elements               ; 0 / 33,216 ( 0 % )                             ;
;     Total combinational functions  ; 0 / 33,216 ( 0 % )                             ;
;     Dedicated logic registers      ; 0 / 33,216 ( 0 % )                             ;
; Total registers                    ; 0                                              ;
; Total pins                         ; 56 / 475 ( 12 % )                              ;
; Total virtual pins                 ; 0                                              ;
; Total memory bits                  ; 0 / 483,840 ( 0 % )                            ;
; Embedded Multiplier 9-bit elements ; 0 / 70 ( 0 % )                                 ;
; Total PLLs                         ; 0 / 4 ( 0 % )                                  ;
+------------------------------------+------------------------------------------------+


+-----------------------------------------+
; Flow Settings                           ;
+-------------------+---------------------+
; Option            ; Setting             ;
+-------------------+---------------------+
; Start date & time ; 09/26/2012 18:47:00 ;
; Main task         ; Compilation         ;
; Revision Name     ; design2             ;
+-------------------+---------------------+


+---------------------------------------------------------------------------------------------------------------------------------------------------------------------+
; Flow Non-Default Global Settings                                                                                                                                    ;
+-------------------------------------+--------------------------------------------------------------------------------+---------------+-------------+----------------+
; Assignment Name                     ; Value                                                                          ; Default Value ; Entity Name ; Section Id     ;
+-------------------------------------+--------------------------------------------------------------------------------+---------------+-------------+----------------+
; COMPILER_SIGNATURE_ID               ; 156798484552.134867802004252                                                   ; --            ; --          ; --             ;
; EDA_OUTPUT_DATA_FORMAT              ; Vhdl                                                                           ; --            ; --          ; eda_simulation ;
; EDA_SIMULATION_TOOL                 ; ModelSim (VHDL)                                                                ; <None>        ; --          ; --             ;
; MISC_FILE                           ; U:/Enseignements/2011_2012/ELE101/tp/jeu2/tp_etudiant/lab1/design2/design2.dpf ; --            ; --          ; --             ;
; PARTITION_COLOR                     ; 14622752                                                                       ; --            ; --          ; Top            ;
; PARTITION_FITTER_PRESERVATION_LEVEL ; PLACEMENT_AND_ROUTING                                                          ; --            ; --          ; Top            ;
; PARTITION_NETLIST_TYPE              ; SOURCE                                                                         ; --            ; --          ; Top            ;
; USE_GENERATED_PHYSICAL_CONSTRAINTS  ; Off                                                                            ; --            ; --          ; eda_palace     ;
+-------------------------------------+--------------------------------------------------------------------------------+---------------+-------------+----------------+


+--------------------------------------------------------------------------------------------------------------------------+
; Flow Elapsed Time                                                                                                        ;
+----------------------+--------------+-------------------------+---------------------+------------------------------------+
; Module Name          ; Elapsed Time ; Average Processors Used ; Peak Virtual Memory ; Total CPU Time (on all processors) ;
+----------------------+--------------+-------------------------+---------------------+------------------------------------+
; Analysis & Synthesis ; 00:00:04     ; 1.0                     ; 295 MB              ; 00:00:01                           ;
; Fitter               ; 00:00:05     ; 1.4                     ; 417 MB              ; 00:00:06                           ;
; Assembler            ; 00:00:03     ; 1.0                     ; 343 MB              ; 00:00:03                           ;
; Total                ; 00:00:12     ; --                      ; --                  ; 00:00:10                           ;
+----------------------+--------------+-------------------------+---------------------+------------------------------------+


+-----------------------------------------------------------------------------------+
; Flow OS Summary                                                                   ;
+----------------------+------------------+-----------+------------+----------------+
; Module Name          ; Machine Hostname ; OS Name   ; OS Version ; Processor type ;
+----------------------+------------------+-----------+------------+----------------+
; Analysis & Synthesis ; ALTERA           ; Windows 7 ; 6.1        ; x86_64         ;
; Fitter               ; ALTERA           ; Windows 7 ; 6.1        ; x86_64         ;
; Assembler            ; ALTERA           ; Windows 7 ; 6.1        ; x86_64         ;
+----------------------+------------------+-----------+------------+----------------+


------------
; Flow Log ;
------------
quartus_map --read_settings_files=on --write_settings_files=off design2 -c design2
quartus_fit --read_settings_files=off --write_settings_files=off design2 -c design2
quartus_asm --read_settings_files=off --write_settings_files=off design2 -c design2



